2024-12-10 08:48:14.909 MSK [2940] СООБЩЕНИЕ:  запускается PostgreSQL 15.10, compiled by Visual C++ build 1942, 64-bit
2024-12-10 08:48:14.910 MSK [2940] СООБЩЕНИЕ:  для приёма подключений по адресу IPv6 "::" открыт порт 5433
2024-12-10 08:48:14.911 MSK [2940] СООБЩЕНИЕ:  для приёма подключений по адресу IPv4 "0.0.0.0" открыт порт 5433
2024-12-10 08:48:15.183 MSK [8968] СООБЩЕНИЕ:  работа системы БД была прервана; последний момент работы: 2024-12-10 08:43:28 MSK
2024-12-10 08:48:15.485 MSK [8968] СООБЩЕНИЕ:  переход в режим резервного сервера
2024-12-10 08:48:15.486 MSK [8968] СООБЩЕНИЕ:  начинается восстановление копии с LSN redo 0/2000028, LSN контрольной точки 0/2000060, на линии времени 1
2024-12-10 08:48:15.494 MSK [8968] СООБЩЕНИЕ:  запись REDO начинается со смещения 0/2000028
2024-12-10 08:48:15.496 MSK [8968] СООБЩЕНИЕ:  завершено восстановление копии с LSN redo 0/2000028 и конечным LSN 0/2000100
2024-12-10 08:48:15.496 MSK [8968] СООБЩЕНИЕ:  согласованное состояние восстановления достигнуто в позиции 0/2000100
2024-12-10 08:48:15.496 MSK [2940] СООБЩЕНИЕ:  система БД готова принимать подключения в режиме "только чтение"
2024-12-10 08:48:15.755 MSK [8232] СООБЩЕНИЕ:  начало передачи журнала с главного сервера, с позиции 0/3000000 на линии времени 1
2024-12-10 08:50:55.273 MSK [1744] РћРЁРР‘РљРђ:  РІ С‚СЂР°РЅР·Р°РєС†РёРё РІ СЂРµР¶РёРјРµ "С‚РѕР»СЊРєРѕ С‡С‚РµРЅРёРµ" РЅРµР»СЊР·СЏ РІС‹РїРѕР»РЅРёС‚СЊ INSERT
2024-12-10 08:50:55.273 MSK [1744] РћРџР•Р РђРўРћР :  INSERT INTO gym (id, adress, work_hours, phone) VALUES (2, 'testing', 'testing', 12345)
2024-12-10 08:53:15.027 MSK [3504] СООБЩЕНИЕ:  начата точка перезапуска: time
2024-12-10 08:53:15.264 MSK [3504] СООБЩЕНИЕ:  точка перезапуска завершена: записано буферов: 4 (0.0%); добавлено файлов WAL 0, удалено: 0, переработано: 0; запись=0.224 сек., синхр.=0.004 сек., всего=0.241 сек.; синхронизировано_файлов=3, самая_долгая_синхр.=0.002 сек., средняя=0.002 сек.; расстояние=16384 kB, ожидалось=16384 kB
2024-12-10 08:53:15.264 MSK [3504] СООБЩЕНИЕ:  точка перезапуска восстановления в позиции 0/3000110
2024-12-10 08:53:15.264 MSK [3504] ПОДРОБНОСТИ:  Последняя завершённая транзакция была выполнена в 2024-12-10 08:51:34.548624+03.
2024-12-10 08:58:15.301 MSK [3504] СООБЩЕНИЕ:  начата точка перезапуска: time
2024-12-10 08:58:15.321 MSK [3504] СООБЩЕНИЕ:  точка перезапуска завершена: записано буферов: 0 (0.0%); добавлено файлов WAL 0, удалено: 0, переработано: 0; запись=0.001 сек., синхр.=0.001 сек., всего=0.026 сек.; синхронизировано_файлов=0, самая_долгая_синхр.=0.000 сек., средняя=0.000 сек.; расстояние=0 kB, ожидалось=14745 kB
2024-12-10 08:58:15.321 MSK [3504] СООБЩЕНИЕ:  точка перезапуска восстановления в позиции 0/30003A8
2024-12-10 08:58:15.321 MSK [3504] ПОДРОБНОСТИ:  Последняя завершённая транзакция была выполнена в 2024-12-10 08:51:34.548624+03.
2024-12-10 13:46:08.251 MSK [8232] ВАЖНО:  не удалось получить данные из потока WAL: сервер неожиданно закрыл соединение
		Скорее всего сервер прекратил работу из-за сбоя
		до или в процессе выполнения запроса.
2024-12-10 13:46:08.258 MSK [8968] СООБЩЕНИЕ:  неверная длина записи в позиции 0/3000490: ожидалось 24, получено 0
2024-12-10 13:46:09.848 MSK [688] СООБЩЕНИЕ:  начало передачи журнала с главного сервера, с позиции 0/3000000 на линии времени 1
2024-12-10 13:49:29.014 MSK [2620] РћРЁРР‘РљРђ:  РІ С‚СЂР°РЅР·Р°РєС†РёРё РІ СЂРµР¶РёРјРµ "С‚РѕР»СЊРєРѕ С‡С‚РµРЅРёРµ" РЅРµР»СЊР·СЏ РІС‹РїРѕР»РЅРёС‚СЊ INSERT
2024-12-10 13:49:29.014 MSK [2620] РћРџР•Р РђРўРћР :  INSERT INTO gym (id, adress, work_hours, phone) VALUES (4, 'string', 'string', 0)
2024-12-10 13:49:48.672 MSK [10864] РћРЁРР‘РљРђ:  РІ С‚СЂР°РЅР·Р°РєС†РёРё РІ СЂРµР¶РёРјРµ "С‚РѕР»СЊРєРѕ С‡С‚РµРЅРёРµ" РЅРµР»СЊР·СЏ РІС‹РїРѕР»РЅРёС‚СЊ INSERT
2024-12-10 13:49:48.672 MSK [10864] РћРџР•Р РђРўРћР :  INSERT INTO gym (id, adress, work_hours, phone) VALUES (4, 'izmaylovo', '10:00', 10234)
2024-12-10 13:50:09.087 MSK [3504] СООБЩЕНИЕ:  начата точка перезапуска: time
2024-12-10 13:50:09.467 MSK [3504] СООБЩЕНИЕ:  точка перезапуска завершена: записано буферов: 4 (0.0%); добавлено файлов WAL 0, удалено: 0, переработано: 0; запись=0.325 сек., синхр.=0.044 сек., всего=0.383 сек.; синхронизировано_файлов=4, самая_долгая_синхр.=0.041 сек., средняя=0.011 сек.; расстояние=0 kB, ожидалось=13271 kB
2024-12-10 13:50:09.468 MSK [3504] СООБЩЕНИЕ:  точка перезапуска восстановления в позиции 0/3000690
2024-12-10 13:50:09.468 MSK [3504] ПОДРОБНОСТИ:  Последняя завершённая транзакция была выполнена в 2024-12-10 13:47:50.492639+03.
2024-12-10 14:06:05.641 MSK [16940] РћРЁРР‘РљРђ:  РІ С‚СЂР°РЅР·Р°РєС†РёРё РІ СЂРµР¶РёРјРµ "С‚РѕР»СЊРєРѕ С‡С‚РµРЅРёРµ" РЅРµР»СЊР·СЏ РІС‹РїРѕР»РЅРёС‚СЊ INSERT
2024-12-10 14:06:05.641 MSK [16940] РћРџР•Р РђРўРћР :  INSERT INTO gym (id, adress, work_hours, phone) VALUES (4, 'izmaylovo', '10:00', 10234)
2024-12-10 23:27:53.598 MSK [688] ВАЖНО:  не удалось получить данные из потока WAL: сервер неожиданно закрыл соединение
		Скорее всего сервер прекратил работу из-за сбоя
		до или в процессе выполнения запроса.
2024-12-10 23:27:53.600 MSK [8968] СООБЩЕНИЕ:  неверная длина записи в позиции 0/30009C8: ожидалось 24, получено 0
2024-12-10 23:27:54.786 MSK [14892] СООБЩЕНИЕ:  начало передачи журнала с главного сервера, с позиции 0/3000000 на линии времени 1
2024-12-10 23:28:06.137 MSK [3504] СООБЩЕНИЕ:  начата точка перезапуска: time
2024-12-10 23:28:06.422 MSK [3504] СООБЩЕНИЕ:  точка перезапуска завершена: записано буферов: 3 (0.0%); добавлено файлов WAL 0, удалено: 0, переработано: 0; запись=0.233 сек., синхр.=0.004 сек., всего=0.286 сек.; синхронизировано_файлов=3, самая_долгая_синхр.=0.002 сек., средняя=0.002 сек.; расстояние=0 kB, ожидалось=11944 kB
2024-12-10 23:28:06.422 MSK [3504] СООБЩЕНИЕ:  точка перезапуска восстановления в позиции 0/30009C8
2024-12-10 23:28:06.422 MSK [3504] ПОДРОБНОСТИ:  Последняя завершённая транзакция была выполнена в 2024-12-10 14:06:48.21204+03.
2024-12-10 23:30:18.949 MSK [17000] Р’РђР–РќРћ:  Р·Р°РєСЂС‹С‚РёРµ РїРѕРґРєР»СЋС‡РµРЅРёСЏ РёР·-Р·Р° РЅРµРѕР¶РёРґР°РЅРЅРѕРіРѕ Р·Р°РІРµСЂС€РµРЅРёСЏ РіР»Р°РІРЅРѕРіРѕ РїСЂРѕС†РµСЃСЃР°
