2023-09-16 10:27:54.527 MSK [19992] СООБЩЕНИЕ:  система БД была выключена: 2023-09-16 10:22:28 MSK
2023-09-16 10:32:54.343 MSK [20164] СООБЩЕНИЕ:  начата контрольная точка: time
2023-09-16 10:32:54.361 MSK [20164] СООБЩЕНИЕ:  контрольная точка завершена: записано буферов: 3 (0.0%); добавлено файлов WAL 0, удалено: 0, переработано: 0; запись=0.005 сек., синхр.=0.003 сек., всего=0.023 сек.; синхронизировано_файлов=2, самая_долгая_синхр.=0.002 сек., средняя=0.002 сек.; расстояние=0 kB, ожидалось=0 kB
2023-09-19 19:09:39.981 MSK [14244] ВАЖНО:  пользователь "paulp" не прошёл проверку подлинности (по паролю)
2023-09-19 19:09:39.981 MSK [14244] ПОДРОБНОСТИ:  Роль "paulp" не существует.
	Подключение соответствует строке 89 в pg_hba.conf: "host    all             all             ::1/128                 scram-sha-256"
2023-09-19 19:09:45.466 MSK [11936] ВАЖНО:  пользователь "paulp" не прошёл проверку подлинности (по паролю)
2023-09-19 19:09:45.466 MSK [11936] ПОДРОБНОСТИ:  Роль "paulp" не существует.
	Подключение соответствует строке 89 в pg_hba.conf: "host    all             all             ::1/128                 scram-sha-256"
2023-09-19 19:09:49.446 MSK [19472] ВАЖНО:  пользователь "paulp" не прошёл проверку подлинности (по паролю)
2023-09-19 19:09:49.446 MSK [19472] ПОДРОБНОСТИ:  Роль "paulp" не существует.
	Подключение соответствует строке 89 в pg_hba.conf: "host    all             all             ::1/128                 scram-sha-256"
2023-09-19 19:09:55.554 MSK [9092] ВАЖНО:  пользователь "paulp" не прошёл проверку подлинности (по паролю)
2023-09-19 19:09:55.554 MSK [9092] ПОДРОБНОСТИ:  Роль "paulp" не существует.
	Подключение соответствует строке 89 в pg_hba.conf: "host    all             all             ::1/128                 scram-sha-256"
2023-09-19 19:10:00.101 MSK [9060] ВАЖНО:  пользователь "paulp" не прошёл проверку подлинности (по паролю)
2023-09-19 19:10:00.101 MSK [9060] ПОДРОБНОСТИ:  Роль "paulp" не существует.
	Подключение соответствует строке 89 в pg_hba.conf: "host    all             all             ::1/128                 scram-sha-256"
2023-09-19 19:10:00.613 MSK [8868] ВАЖНО:  пользователь "paulp" не прошёл проверку подлинности (по паролю)
2023-09-19 19:10:00.613 MSK [8868] ПОДРОБНОСТИ:  Роль "paulp" не существует.
	Подключение соответствует строке 89 в pg_hba.conf: "host    all             all             ::1/128                 scram-sha-256"
2023-09-19 19:10:08.727 MSK [9148] ВАЖНО:  пользователь "paulp" не прошёл проверку подлинности (по паролю)
2023-09-19 19:10:08.727 MSK [9148] ПОДРОБНОСТИ:  Роль "paulp" не существует.
	Подключение соответствует строке 89 в pg_hba.conf: "host    all             all             ::1/128                 scram-sha-256"
2023-09-19 19:10:11.628 MSK [10888] ВАЖНО:  пользователь "paulp" не прошёл проверку подлинности (по паролю)
2023-09-19 19:10:11.628 MSK [10888] ПОДРОБНОСТИ:  Роль "paulp" не существует.
	Подключение соответствует строке 89 в pg_hba.conf: "host    all             all             ::1/128                 scram-sha-256"
2023-09-19 19:10:17.434 MSK [19940] ВАЖНО:  пользователь "paulp" не прошёл проверку подлинности (по паролю)
2023-09-19 19:10:17.434 MSK [19940] ПОДРОБНОСТИ:  Роль "paulp" не существует.
	Подключение соответствует строке 89 в pg_hba.conf: "host    all             all             ::1/128                 scram-sha-256"
2023-09-19 19:10:20.455 MSK [6112] ВАЖНО:  пользователь "paulp" не прошёл проверку подлинности (по паролю)
2023-09-19 19:10:20.455 MSK [6112] ПОДРОБНОСТИ:  Роль "paulp" не существует.
	Подключение соответствует строке 89 в pg_hba.conf: "host    all             all             ::1/128                 scram-sha-256"
2023-09-19 19:10:23.674 MSK [17424] ВАЖНО:  пользователь "paulp" не прошёл проверку подлинности (по паролю)
2023-09-19 19:10:23.674 MSK [17424] ПОДРОБНОСТИ:  Роль "paulp" не существует.
	Подключение соответствует строке 89 в pg_hba.conf: "host    all             all             ::1/128                 scram-sha-256"
2023-09-19 19:10:26.930 MSK [1712] ВАЖНО:  пользователь "paulp" не прошёл проверку подлинности (по паролю)
2023-09-19 19:10:26.930 MSK [1712] ПОДРОБНОСТИ:  Роль "paulp" не существует.
	Подключение соответствует строке 89 в pg_hba.conf: "host    all             all             ::1/128                 scram-sha-256"
2023-09-19 19:10:36.141 MSK [15504] ВАЖНО:  пользователь "paulp" не прошёл проверку подлинности (по паролю)
2023-09-19 19:10:36.141 MSK [15504] ПОДРОБНОСТИ:  Роль "paulp" не существует.
	Подключение соответствует строке 89 в pg_hba.conf: "host    all             all             ::1/128                 scram-sha-256"
2023-09-19 19:10:44.484 MSK [2752] ВАЖНО:  пользователь "paulp" не прошёл проверку подлинности (по паролю)
2023-09-19 19:10:44.484 MSK [2752] ПОДРОБНОСТИ:  Роль "paulp" не существует.
	Подключение соответствует строке 89 в pg_hba.conf: "host    all             all             ::1/128                 scram-sha-256"
2023-09-19 19:10:55.306 MSK [20164] СООБЩЕНИЕ:  выключение
2023-09-19 19:10:55.308 MSK [20164] СООБЩЕНИЕ:  начата контрольная точка: shutdown immediate
2023-09-19 19:10:55.333 MSK [20164] СООБЩЕНИЕ:  контрольная точка завершена: записано буферов: 0 (0.0%); добавлено файлов WAL 0, удалено: 0, переработано: 0; запись=0.012 сек., синхр.=0.001 сек., всего=0.028 сек.; синхронизировано_файлов=0, самая_долгая_синхр.=0.000 сек., средняя=0.000 сек.; расстояние=0 kB, ожидалось=0 kB
