2024-12-10 00:52:09.475 MSK [8028] СООБЩЕНИЕ:  система БД была выключена: 2024-12-10 00:51:40 MSK
2024-12-10 00:54:30.930 MSK [3772] РћРЁРР‘РљРђ:  Р±Р°Р·Р° РґР°РЅРЅС‹С… "coursework" СѓР¶Рµ СЃСѓС‰РµСЃС‚РІСѓРµС‚
2024-12-10 00:54:30.930 MSK [3772] РћРџР•Р РђРўРћР :  CREATE DATABASE coursework
	    WITH
	    OWNER = postgres
	    ENCODING = 'UTF8'
	    LOCALE_PROVIDER = 'libc'
	    CONNECTION LIMIT = -1
	    IS_TEMPLATE = False;
	
2024-12-10 00:57:09.468 MSK [8008] СООБЩЕНИЕ:  начата контрольная точка: time
2024-12-10 00:57:33.811 MSK [7424] ВАЖНО:  база данных "bd_cursework" не существует
2024-12-10 00:58:35.317 MSK [17608] ВАЖНО:  база данных "bd_cursework" не существует
2024-12-10 00:58:52.217 MSK [8008] СООБЩЕНИЕ:  контрольная точка завершена: записано буферов: 938 (5.7%); добавлено файлов WAL 0, удалено: 0, переработано: 0; запись=102.609 сек., синхр.=0.132 сек., всего=102.755 сек.; синхронизировано_файлов=334, самая_долгая_синхр.=0.013 сек., средняя=0.001 сек.; расстояние=4386 kB, ожидалось=4386 kB
2024-12-10 01:02:03.387 MSK [12368] ВАЖНО:  база данных "bd_cursework" не существует
2024-12-10 01:02:09.233 MSK [8008] СООБЩЕНИЕ:  начата контрольная точка: time
2024-12-10 01:02:11.450 MSK [8008] СООБЩЕНИЕ:  контрольная точка завершена: записано буферов: 21 (0.1%); добавлено файлов WAL 0, удалено: 0, переработано: 0; запись=2.192 сек., синхр.=0.008 сек., всего=2.218 сек.; синхронизировано_файлов=12, самая_долгая_синхр.=0.002 сек., средняя=0.001 сек.; расстояние=1 kB, ожидалось=3947 kB
2024-12-10 08:36:32.588 MSK [3240] ВАЖНО:  пользователь "paulp" не прошёл проверку подлинности (по паролю)
2024-12-10 08:36:32.588 MSK [3240] ПОДРОБНОСТИ:  Роль "paulp" не существует.
	Подключение соответствует строке 90 в pg_hba.conf: "host    all             all             ::1/128                 scram-sha-256"
2024-12-10 08:36:42.350 MSK [10588] ВАЖНО:  пользователь "replicator" не прошёл проверку подлинности (по паролю)
2024-12-10 08:36:42.350 MSK [10588] ПОДРОБНОСТИ:  Роль "replicator" не существует.
	Подключение соответствует строке 90 в pg_hba.conf: "host    all             all             ::1/128                 scram-sha-256"
2024-12-10 08:36:49.642 MSK [9324] ВАЖНО:  пользователь "postgres" не прошёл проверку подлинности (по паролю)
2024-12-10 08:36:49.642 MSK [9324] ПОДРОБНОСТИ:  Подключение соответствует строке 90 в pg_hba.conf: "host    all             all             ::1/128                 scram-sha-256"
2024-12-10 08:37:13.038 MSK [1412] ВАЖНО:  пользователь "replicator" не прошёл проверку подлинности (по паролю)
2024-12-10 08:37:13.038 MSK [1412] ПОДРОБНОСТИ:  Роль "replicator" не существует.
	Подключение соответствует строке 90 в pg_hba.conf: "host    all             all             ::1/128                 scram-sha-256"
2024-12-10 08:40:35.733 MSK [8008] СООБЩЕНИЕ:  начата контрольная точка: time
2024-12-10 08:40:37.936 MSK [8008] СООБЩЕНИЕ:  контрольная точка завершена: записано буферов: 20 (0.1%); добавлено файлов WAL 0, удалено: 0, переработано: 0; запись=2.144 сек., синхр.=0.009 сек., всего=2.204 сек.; синхронизировано_файлов=15, самая_долгая_синхр.=0.001 сек., средняя=0.001 сек.; расстояние=34 kB, ожидалось=3556 kB
2024-12-10 08:43:27.964 MSK [8008] СООБЩЕНИЕ:  начата контрольная точка: force wait
2024-12-10 08:43:28.033 MSK [8008] СООБЩЕНИЕ:  контрольная точка завершена: записано буферов: 0 (0.0%); добавлено файлов WAL 0, удалено: 0, переработано: 1; запись=0.001 сек., синхр.=0.001 сек., всего=0.069 сек.; синхронизировано_файлов=0, самая_долгая_синхр.=0.000 сек., средняя=0.000 сек.; расстояние=6466 kB, ожидалось=6466 kB
